<assembly xmlns="http://maven.apache.org/ASSEMBLY/2.0.0"
          xmlns:xsi="http://www.w3.org/2001/XMLSchema-instance"
          xsi:schemaLocation="http://maven.apache.org/ASSEMBLY/2.0.0 http://maven.apache.org/xsd/assembly-2.0.0.xsd">
    <id>test-assembly</id>
    <formats>
        <format>tar.bz2</format>
    </formats>
    <files>
        <file>
            <source>src/main/resources/test.ttl</source>
            <outputDirectory>/</outputDirectory>
        </file>
        <file>
            <source>target/HelloWorld.txt</source>
            <outputDirectory>/</outputDirectory>
        </file>
    </files>
</assembly>